<?xml version="1.0" encoding="UTF-8"?>
<!-- Generated by org.testng.reporters.JUnitReportReporter -->
<testsuite hostname="Sanjana-Gururaj" failures="0" tests="1" name="com.api.tests.testUpdateUser" time="2.498" errors="0" timestamp="2025-03-25T10:59:54 IST" skipped="0">
  <testcase classname="com.api.tests.testUpdateUser" name="TestUpdateUser" time="2.498"/>
  <system-out/>
</testsuite> <!-- com.api.tests.testUpdateUser -->
