<?xml version="1.0" encoding="UTF-8"?>
<!-- Generated by org.testng.reporters.JUnitReportReporter -->
<testsuite hostname="Sanjana-Gururaj" failures="0" tests="1" name="com.api.tests.TestCreateUser" time="2.646" errors="0" timestamp="2025-03-25T10:49:53 IST" skipped="0">
  <testcase classname="com.api.tests.TestCreateUser" name="testCreateUser" time="2.646"/>
  <system-out/>
</testsuite> <!-- com.api.tests.TestCreateUser -->
