<?xml version="1.0" encoding="UTF-8"?>
<!-- Generated by org.testng.reporters.JUnitReportReporter -->
<testsuite hostname="Sanjana-Gururaj" failures="0" tests="1" name="com.api.tests.CreateMultipleUsersTest" time="2.114" errors="0" timestamp="2025-03-25T11:06:32 IST" skipped="0">
  <testcase classname="com.api.tests.CreateMultipleUsersTest" name="testCreateMultipleUsers" time="2.114"/>
  <system-out/>
</testsuite> <!-- com.api.tests.CreateMultipleUsersTest -->
