<?xml version="1.0" encoding="UTF-8"?>
<!-- Generated by org.testng.reporters.JUnitReportReporter -->
<testsuite hostname="Sanjana-Gururaj" failures="0" tests="1" name="com.api.tests.testGetUser" time="2.252" errors="0" timestamp="2025-03-25T10:56:02 IST" skipped="0">
  <testcase classname="com.api.tests.testGetUser" name="testGetUser" time="2.252"/>
  <system-out/>
</testsuite> <!-- com.api.tests.testGetUser -->
